<?xml version="1.0" encoding="UTF-8"?>
<!-- Generated by org.testng.reporters.JUnitReportReporter -->
<testsuite hostname="DESKTOP-P17Q8KM" failures="0" tests="4" name="automation_test_modules.InvalidLoginTest" time="27.275" errors="0" timestamp="2025-04-27T14:52:32 EEST" skipped="0">
  <testcase classname="automation_test_modules.InvalidLoginTest" name="navigateToLoginPage" time="5.766"/>
  <testcase classname="automation_test_modules.InvalidLoginTest" name="enterInvalidCredential" time="3.283"/>
  <testcase classname="automation_test_modules.InvalidLoginTest" name="clickLoginButton" time="0.269"/>
  <testcase classname="automation_test_modules.InvalidLoginTest" name="checkMessage" time="17.957"/>
</testsuite> <!-- automation_test_modules.InvalidLoginTest -->
