<?xml version="1.0" encoding="UTF-8"?>
<!-- Generated by org.testng.reporters.JUnitReportReporter -->
<testsuite hostname="DESKTOP-P17Q8KM" failures="0" tests="7" name="automation_test_modules.ContactUsTest" time="152.270" errors="0" timestamp="2025-04-27T14:52:32 EEST" skipped="0">
  <testcase classname="automation_test_modules.ContactUsTest" name="navigateTOContactSection" time="84.941"/>
  <testcase classname="automation_test_modules.ContactUsTest" name="enterPersonalInfo" time="29.465"/>
  <testcase classname="automation_test_modules.ContactUsTest" name="uploadFile" time="0.250"/>
  <testcase classname="automation_test_modules.ContactUsTest" name="clickSubmitButton" time="2.765"/>
  <testcase classname="automation_test_modules.ContactUsTest" name="acceptAlert" time="0.480"/>
  <testcase classname="automation_test_modules.ContactUsTest" name="successMessage" time="0.089"/>
  <testcase classname="automation_test_modules.ContactUsTest" name="backToHomePage" time="34.280"/>
</testsuite> <!-- automation_test_modules.ContactUsTest -->
