<?xml version="1.0" encoding="UTF-8"?>
<!-- Generated by org.testng.reporters.JUnitReportReporter -->
<testsuite hostname="DESKTOP-P17Q8KM" failures="0" tests="5" name="automation_test_modules.LoginTest" time="89.370" errors="0" timestamp="2025-04-27T14:52:32 EEST" skipped="0">
  <testcase classname="automation_test_modules.LoginTest" name="navigateToLoginPage" time="5.821"/>
  <testcase classname="automation_test_modules.LoginTest" name="enterLoginValues" time="3.271"/>
  <testcase classname="automation_test_modules.LoginTest" name="clickLoginButton" time="74.177"/>
  <testcase classname="automation_test_modules.LoginTest" name="accountLoggedMessage" time="0.842"/>
  <testcase classname="automation_test_modules.LoginTest" name="clickLogout" time="5.259"/>
</testsuite> <!-- automation_test_modules.LoginTest -->
