<?xml version="1.0" encoding="UTF-8"?>
<!-- Generated by org.testng.reporters.JUnitReportReporter -->
<testsuite hostname="DESKTOP-P17Q8KM" failures="0" tests="5" name="automation_test_modules.LoginTest" time="45.227" errors="0" timestamp="2025-04-27T03:26:15 EEST" skipped="0">
  <testcase classname="automation_test_modules.LoginTest" name="navigateToLoginPage" time="7.720"/>
  <testcase classname="automation_test_modules.LoginTest" name="enterLoginValues" time="0.761"/>
  <testcase classname="automation_test_modules.LoginTest" name="clickLoginButton" time="0.281"/>
  <testcase classname="automation_test_modules.LoginTest" name="accountLoggedMessage" time="31.091"/>
  <testcase classname="automation_test_modules.LoginTest" name="clickLogout" time="5.374"/>
</testsuite> <!-- automation_test_modules.LoginTest -->
