<?xml version="1.0" encoding="UTF-8"?>
<!-- Generated by org.testng.reporters.JUnitReportReporter -->
<testsuite hostname="DESKTOP-P17Q8KM" failures="0" tests="8" name="automation_test_modules.RegisterTest" time="98.780" errors="0" timestamp="2025-04-27T03:26:15 EEST" skipped="0">
  <testcase classname="automation_test_modules.RegisterTest" name="navigateToSignUpPage" time="7.697"/>
  <testcase classname="automation_test_modules.RegisterTest" name="enterAccountInformation" time="6.191"/>
  <testcase classname="automation_test_modules.RegisterTest" name="selectCheckboxes" time="0.347"/>
  <testcase classname="automation_test_modules.RegisterTest" name="enterAddressInformation" time="1.680"/>
  <testcase classname="automation_test_modules.RegisterTest" name="clickCreateAccountButton" time="10.571"/>
  <testcase classname="automation_test_modules.RegisterTest" name="implicitWait" time="0.168"/>
  <testcase classname="automation_test_modules.RegisterTest" name="accountCreatedPage" time="44.680"/>
  <testcase classname="automation_test_modules.RegisterTest" name="backToAccountPage" time="27.446"/>
</testsuite> <!-- automation_test_modules.RegisterTest -->
