<?xml version="1.0" encoding="UTF-8"?>
<!-- Generated by org.testng.reporters.JUnitReportReporter -->
<testsuite hostname="DESKTOP-P17Q8KM" failures="0" tests="7" name="automation_test_modules.RegisterTest" time="173.816" errors="0" timestamp="2025-04-27T14:52:32 EEST" skipped="0">
  <testcase classname="automation_test_modules.RegisterTest" name="navigateToSignUpPage" time="5.613"/>
  <testcase classname="automation_test_modules.RegisterTest" name="enterAccountInformation" time="52.224"/>
  <testcase classname="automation_test_modules.RegisterTest" name="selectCheckboxes" time="0.079"/>
  <testcase classname="automation_test_modules.RegisterTest" name="enterAddressInformation" time="2.791"/>
  <testcase classname="automation_test_modules.RegisterTest" name="clickCreateAccountButton" time="26.782"/>
  <testcase classname="automation_test_modules.RegisterTest" name="accountCreatedPage" time="42.714"/>
  <testcase classname="automation_test_modules.RegisterTest" name="backToAccountPage" time="43.613"/>
</testsuite> <!-- automation_test_modules.RegisterTest -->
