<?xml version="1.0" encoding="UTF-8"?>
<!-- Generated by org.testng.reporters.JUnitReportReporter -->
<testsuite hostname="DESKTOP-P17Q8KM" failures="0" tests="4" name="automation_test_modules.InvalidLoginTest" time="21.869" errors="0" timestamp="2025-04-27T03:26:15 EEST" skipped="0">
  <testcase classname="automation_test_modules.InvalidLoginTest" name="navigateToLoginPage" time="8.834"/>
  <testcase classname="automation_test_modules.InvalidLoginTest" name="enterInvalidCredential" time="0.761"/>
  <testcase classname="automation_test_modules.InvalidLoginTest" name="clickLoginButton" time="9.996"/>
  <testcase classname="automation_test_modules.InvalidLoginTest" name="checkMessage" time="2.278"/>
</testsuite> <!-- automation_test_modules.InvalidLoginTest -->
