<?xml version="1.0" encoding="UTF-8"?>
<!-- Generated by org.testng.reporters.JUnitReportReporter -->
<testsuite hostname="DESKTOP-P17Q8KM" failures="0" tests="7" name="automation_test_modules.ContactUsTest" time="73.913" errors="0" timestamp="2025-04-27T03:26:14 EEST" skipped="0">
  <testcase classname="automation_test_modules.ContactUsTest" name="navigateTOContactSection" time="19.639"/>
  <testcase classname="automation_test_modules.ContactUsTest" name="enterPersonalInfo" time="10.116"/>
  <testcase classname="automation_test_modules.ContactUsTest" name="uploadFile" time="0.465"/>
  <testcase classname="automation_test_modules.ContactUsTest" name="clickSubmitButton" time="1.756"/>
  <testcase classname="automation_test_modules.ContactUsTest" name="acceptAlert" time="0.501"/>
  <testcase classname="automation_test_modules.ContactUsTest" name="successMessage" time="0.068"/>
  <testcase classname="automation_test_modules.ContactUsTest" name="backToHomePage" time="41.368"/>
</testsuite> <!-- automation_test_modules.ContactUsTest -->
