<?xml version="1.0" encoding="UTF-8"?>
<!-- Generated by org.testng.reporters.JUnitReportReporter -->
<testsuite hostname="DESKTOP-P17Q8KM" failures="0" tests="4" name="automation_test_modules.InvalidRegisterTest" time="20.564" errors="0" timestamp="2025-04-27T03:26:15 EEST" skipped="0">
  <testcase classname="automation_test_modules.InvalidRegisterTest" name="navigateToLoginPage" time="8.064"/>
  <testcase classname="automation_test_modules.InvalidRegisterTest" name="enterRegisterValues" time="0.532"/>
  <testcase classname="automation_test_modules.InvalidRegisterTest" name="clickRegisterButton" time="0.203"/>
  <testcase classname="automation_test_modules.InvalidRegisterTest" name="checkRegisterMessage" time="11.765"/>
</testsuite> <!-- automation_test_modules.InvalidRegisterTest -->
