<?xml version="1.0" encoding="UTF-8"?>
<!-- Generated by org.testng.reporters.JUnitReportReporter -->
<testsuite hostname="DESKTOP-P17Q8KM" failures="0" tests="4" name="automation_test_modules.InvalidRegisterTest" time="77.532" errors="0" timestamp="2025-04-27T14:52:32 EEST" skipped="0">
  <testcase classname="automation_test_modules.InvalidRegisterTest" name="navigateToLoginPage" time="5.645"/>
  <testcase classname="automation_test_modules.InvalidRegisterTest" name="enterRegisterValues" time="0.501"/>
  <testcase classname="automation_test_modules.InvalidRegisterTest" name="clickRegisterButton" time="57.902"/>
  <testcase classname="automation_test_modules.InvalidRegisterTest" name="checkRegisterMessage" time="13.484"/>
</testsuite> <!-- automation_test_modules.InvalidRegisterTest -->
